13:00:56 **** Incremental Build of configuration Debug for project LabWork4Real ****
make -j12 all 
arm-none-eabi-gcc "../Core/Src/stm32f4xx_hal_msp.c" -mcpu=cortex-m4 -std=gnu11 -g3 -DDEBUG -DUSE_HAL_DRIVER -DSTM32F407xx -c -I../Core/Inc -I../Drivers/STM32F4xx_HAL_Driver/Inc -I../Drivers/STM32F4xx_HAL_Driver/Inc/Legacy -I../Drivers/CMSIS/Device/ST/STM32F4xx/Include -I../Drivers/CMSIS/Include -O0 -ffunction-sections -fdata-sections -Wall -fstack-usage -fcyclomatic-complexity -MMD -MP -MF"Core/Src/stm32f4xx_hal_msp.d" -MT"Core/Src/stm32f4xx_hal_msp.o" --specs=nano.specs -mfpu=fpv4-sp-d16 -mfloat-abi=hard -mthumb -o "Core/Src/stm32f4xx_hal_msp.o"
arm-none-eabi-gcc -o "LabWork4Real.elf" @"objects.list"   -mcpu=cortex-m4 -T"C:\Users\pauli\Desktop\Mikrovaldikliu lab\Patys Darbai\LabWork4Real\STM32F407VGTX_FLASH.ld" --specs=nosys.specs -Wl,-Map="LabWork4Real.map" -Wl,--gc-sections -static --specs=nano.specs -mfpu=fpv4-sp-d16 -mfloat-abi=hard -mthumb -Wl,--start-group -lc -lm -Wl,--end-group
C:\Users\pauli\Desktop\Mikrovaldikliu lab\STM32CubeIDE_1.14.1\STM32CubeIDE\plugins\com.st.stm32cube.ide.mcu.externaltools.gnu-tools-for-stm32.11.3.rel1.win32_1.1.100.202309141235\tools\arm-none-eabi\bin\ld.exe: ./Core/Src/stm32f4xx_hal_msp.o: in function `HAL_TIM_MspPostInit':
C:/Users/pauli/Desktop/Mikrovaldikliu lab/Patys Darbai/LabWork4Real/Debug/../Core/Src/stm32f4xx_hal_msp.c:95: multiple definition of `HAL_TIM_MspPostInit'; ./Core/Src/main.o:C:/Users/pauli/Desktop/Mikrovaldikliu lab/Patys Darbai/LabWork4Real/Debug/../Core/Src/main.c:217: first defined here
collect2.exe: error: ld returned 1 exit status
make: *** [makefile:64: LabWork4Real.elf] Error 1
"make -j12 all" terminated with exit code 2. Build might be incomplete.

13:00:56 Build Failed. 2 errors, 0 warnings. (took 723ms)

